<?xml version="1.0" encoding="UTF-8"?>
<testng-results ignored="0" total="1" passed="1" failed="0" skipped="0">
  <reporter-output>
  </reporter-output>
  <suite started-at="2025-10-14T18:08:47 IST" name="Default suite" finished-at="2025-10-14T18:09:09 IST" duration-ms="21987">
    <groups>
    </groups>
    <test started-at="2025-10-14T18:08:47 IST" name="Default test" finished-at="2025-10-14T18:09:09 IST" duration-ms="21987">
      <class name="tests.AdminTest">
        <test-method is-config="true" signature="setupReport()[pri:0, instance:tests.AdminTest@7db12bb6]" started-at="2025-10-14T18:08:47 IST" name="setupReport" finished-at="2025-10-14T18:08:47 IST" duration-ms="381" status="PASS">
          <reporter-output>
          </reporter-output>
        </test-method> <!-- setupReport -->
        <test-method is-config="true" signature="setup(java.lang.reflect.Method)[pri:0, instance:tests.AdminTest@7db12bb6]" started-at="2025-10-14T18:08:47 IST" name="setup" finished-at="2025-10-14T18:08:54 IST" duration-ms="6397" status="PASS">
          <params>
            <param index="0">
              <value>
                <![CDATA[public void tests.AdminTest.valid_Admin_login() throws java.lang.InterruptedException]]>
              </value>
            </param>
          </params>
          <reporter-output>
          </reporter-output>
        </test-method> <!-- setup -->
        <test-method signature="valid_Admin_login()[pri:0, instance:tests.AdminTest@7db12bb6]" started-at="2025-10-14T18:08:54 IST" name="valid_Admin_login" finished-at="2025-10-14T18:09:08 IST" duration-ms="14812" status="PASS">
          <reporter-output>
          </reporter-output>
        </test-method> <!-- valid_Admin_login -->
        <test-method is-config="true" signature="tearDown(org.testng.ITestResult)[pri:0, instance:tests.AdminTest@7db12bb6]" started-at="2025-10-14T18:09:08 IST" name="tearDown" finished-at="2025-10-14T18:09:08 IST" duration-ms="2" status="PASS">
          <params>
            <param index="0">
              <value>
                <![CDATA[[TestResult name=valid_Admin_login status=SUCCESS method=AdminTest.valid_Admin_login()[pri:0, instance:tests.AdminTest@7db12bb6] output={null}]]]>
              </value>
            </param>
          </params>
          <reporter-output>
          </reporter-output>
        </test-method> <!-- tearDown -->
        <test-method is-config="true" signature="quitBrowser()[pri:0, instance:tests.AdminTest@7db12bb6]" started-at="2025-10-14T18:09:08 IST" name="quitBrowser" finished-at="2025-10-14T18:09:09 IST" duration-ms="706" status="PASS">
          <reporter-output>
          </reporter-output>
        </test-method> <!-- quitBrowser -->
        <test-method is-config="true" signature="tearDownReport()[pri:0, instance:tests.AdminTest@7db12bb6]" started-at="2025-10-14T18:09:09 IST" name="tearDownReport" finished-at="2025-10-14T18:09:10 IST" duration-ms="696" status="PASS">
          <reporter-output>
          </reporter-output>
        </test-method> <!-- tearDownReport -->
      </class> <!-- tests.AdminTest -->
    </test> <!-- Default test -->
  </suite> <!-- Default suite -->
</testng-results>
